<?xml version="1.0" encoding="UTF-8"?>
<!-- Generated by org.testng.reporters.JUnitReportReporter -->
<testsuite name="com.course.cases.GetUserInfoTest" tests="1" time="2.069" ignored="0" failures="0" timestamp="20 Sep 2020 05:03:27 GMT" skipped="0" hostname="DESKTOP-QQCDQB5" errors="0">
  <testcase name="getUserInfo" time="2.069" classname="com.course.cases.GetUserInfoTest"/>
</testsuite> <!-- com.course.cases.GetUserInfoTest -->
