<?xml version="1.0" encoding="UTF-8"?>
<!-- Generated by org.testng.reporters.JUnitReportReporter -->
<testsuite name="com.course.cases.GetUserInfoListTest" tests="1" time="2.077" ignored="0" failures="0" timestamp="20 Sep 2020 05:03:27 GMT" skipped="0" hostname="DESKTOP-QQCDQB5" errors="0">
  <testcase name="getUserListInfo" time="2.077" classname="com.course.cases.GetUserInfoListTest"/>
</testsuite> <!-- com.course.cases.GetUserInfoListTest -->
