<?xml version="1.0" encoding="UTF-8"?>
<!-- Generated by org.testng.reporters.JUnitReportReporter -->
<testsuite name="com.course.cases.LoginTest" tests="2" time="2.209" ignored="0" failures="0" timestamp="20 Sep 2020 05:03:27 GMT" skipped="0" hostname="DESKTOP-QQCDQB5" errors="0">
  <testcase name="loginFalse" time="0.088" classname="com.course.cases.LoginTest"/>
  <testcase name="loginTrue" time="2.121" classname="com.course.cases.LoginTest"/>
</testsuite> <!-- com.course.cases.LoginTest -->
